<?xml version="1.0" encoding="UTF-8"?>
<!-- Generated by org.testng.reporters.JUnitReportReporter -->
<testsuite skipped="2" hostname="JC-THINKPAD" name="regression_testing.sample" tests="3" failures="0" timestamp="28 Aug 2020 15:22:28 GMT" time="3.371" errors="1">
  <testcase name="valid_login" time="0.001" classname="regression_testing.sample">
    <skipped/>
  </testcase> <!-- valid_login -->
  <testcase name="Launch_Browser" time="3.370" classname="regression_testing.sample">
    <error type="org.openqa.selenium.SessionNotCreatedException" message="session not created: This version of ChromeDriver only supports Chrome version 83
Build info: version: &#039;3.141.59&#039;, revision: &#039;e82be7d358&#039;, time: &#039;2018-11-14T08:17:03&#039;
System info: host: &#039;JC-THINKPAD&#039;, ip: &#039;192.168.0.22&#039;, os.name: &#039;Windows 10&#039;, os.arch: &#039;amd64&#039;, os.version: &#039;10.0&#039;, java.version: &#039;1.8.0_161&#039;
Driver info: driver.version: ChromeDriver
remote stacktrace: Backtrace:
	Ordinal0 [0x00BA9563+2725219]
	Ordinal0 [0x00AA8551+1672529]
	Ordinal0 [0x00990359+525145]
	Ordinal0 [0x00920B77+68471]
	Ordinal0 [0x0091D32C+54060]
	Ordinal0 [0x0093CC37+183351]
	Ordinal0 [0x0093CA3D+182845]
	Ordinal0 [0x0093A94B+174411]
	Ordinal0 [0x00922528+75048]
	Ordinal0 [0x009235A0+79264]
	Ordinal0 [0x00923539+79161]
	Ordinal0 [0x00ABD607+1758727]
	GetHandleVerifier [0x00CC6546+1050150]
	GetHandleVerifier [0x00CC6291+1049457]
	GetHandleVerifier [0x00CD10D7+1094071]
	GetHandleVerifier [0x00CC6B46+1051686]
	Ordinal0 [0x00AB5B06+1727238]
	Ordinal0 [0x00ABEB7B+1764219]
	Ordinal0 [0x00ABECE3+1764579]
	Ordinal0 [0x00AD4C05+1854469]
	BaseThreadInitThunk [0x74DA6359+25]
	RtlGetAppContainerNamedObjectPath [0x775F7C24+228]
	RtlGetAppContainerNamedObjectPath [0x775F7BF4+180]
">
      <![CDATA[org.openqa.selenium.SessionNotCreatedException: session not created: This version of ChromeDriver only supports Chrome version 83
Build info: version: '3.141.59', revision: 'e82be7d358', time: '2018-11-14T08:17:03'
System info: host: 'JC-THINKPAD', ip: '192.168.0.22', os.name: 'Windows 10', os.arch: 'amd64', os.version: '10.0', java.version: '1.8.0_161'
Driver info: driver.version: ChromeDriver
remote stacktrace: Backtrace:
	Ordinal0 [0x00BA9563+2725219]
	Ordinal0 [0x00AA8551+1672529]
	Ordinal0 [0x00990359+525145]
	Ordinal0 [0x00920B77+68471]
	Ordinal0 [0x0091D32C+54060]
	Ordinal0 [0x0093CC37+183351]
	Ordinal0 [0x0093CA3D+182845]
	Ordinal0 [0x0093A94B+174411]
	Ordinal0 [0x00922528+75048]
	Ordinal0 [0x009235A0+79264]
	Ordinal0 [0x00923539+79161]
	Ordinal0 [0x00ABD607+1758727]
	GetHandleVerifier [0x00CC6546+1050150]
	GetHandleVerifier [0x00CC6291+1049457]
	GetHandleVerifier [0x00CD10D7+1094071]
	GetHandleVerifier [0x00CC6B46+1051686]
	Ordinal0 [0x00AB5B06+1727238]
	Ordinal0 [0x00ABEB7B+1764219]
	Ordinal0 [0x00ABECE3+1764579]
	Ordinal0 [0x00AD4C05+1854469]
	BaseThreadInitThunk [0x74DA6359+25]
	RtlGetAppContainerNamedObjectPath [0x775F7C24+228]
	RtlGetAppContainerNamedObjectPath [0x775F7BF4+180]

	at sun.reflect.NativeConstructorAccessorImpl.newInstance0(Native Method)
	at sun.reflect.NativeConstructorAccessorImpl.newInstance(Unknown Source)
	at sun.reflect.DelegatingConstructorAccessorImpl.newInstance(Unknown Source)
	at java.lang.reflect.Constructor.newInstance(Unknown Source)
	at org.openqa.selenium.remote.W3CHandshakeResponse.lambda$errorHandler$0(W3CHandshakeResponse.java:62)
	at org.openqa.selenium.remote.HandshakeResponse.lambda$getResponseFunction$0(HandshakeResponse.java:30)
	at org.openqa.selenium.remote.ProtocolHandshake.lambda$createSession$0(ProtocolHandshake.java:126)
	at java.util.stream.ReferencePipeline$3$1.accept(Unknown Source)
	at java.util.Spliterators$ArraySpliterator.tryAdvance(Unknown Source)
	at java.util.stream.ReferencePipeline.forEachWithCancel(Unknown Source)
	at java.util.stream.AbstractPipeline.copyIntoWithCancel(Unknown Source)
	at java.util.stream.AbstractPipeline.copyInto(Unknown Source)
	at java.util.stream.AbstractPipeline.wrapAndCopyInto(Unknown Source)
	at java.util.stream.FindOps$FindOp.evaluateSequential(Unknown Source)
	at java.util.stream.AbstractPipeline.evaluate(Unknown Source)
	at java.util.stream.ReferencePipeline.findFirst(Unknown Source)
	at org.openqa.selenium.remote.ProtocolHandshake.createSession(ProtocolHandshake.java:128)
	at org.openqa.selenium.remote.ProtocolHandshake.createSession(ProtocolHandshake.java:74)
	at org.openqa.selenium.remote.HttpCommandExecutor.execute(HttpCommandExecutor.java:136)
	at org.openqa.selenium.remote.service.DriverCommandExecutor.execute(DriverCommandExecutor.java:83)
	at org.openqa.selenium.remote.RemoteWebDriver.execute(RemoteWebDriver.java:552)
	at org.openqa.selenium.remote.RemoteWebDriver.startSession(RemoteWebDriver.java:213)
	at org.openqa.selenium.remote.RemoteWebDriver.<init>(RemoteWebDriver.java:131)
	at org.openqa.selenium.chrome.ChromeDriver.<init>(ChromeDriver.java:181)
	at org.openqa.selenium.chrome.ChromeDriver.<init>(ChromeDriver.java:168)
	at org.openqa.selenium.chrome.ChromeDriver.<init>(ChromeDriver.java:123)
	at regression_testing.sample.Launch_Browser(sample.java:29)
	at sun.reflect.NativeMethodAccessorImpl.invoke0(Native Method)
	at sun.reflect.NativeMethodAccessorImpl.invoke(Unknown Source)
	at sun.reflect.DelegatingMethodAccessorImpl.invoke(Unknown Source)
	at java.lang.reflect.Method.invoke(Unknown Source)
	at org.testng.internal.MethodInvocationHelper.invokeMethod(MethodInvocationHelper.java:108)
	at org.testng.internal.Invoker.invokeConfigurationMethod(Invoker.java:523)
	at org.testng.internal.Invoker.invokeConfigurations(Invoker.java:224)
	at org.testng.internal.Invoker.invokeConfigurations(Invoker.java:146)
	at org.testng.TestRunner.beforeRun(TestRunner.java:626)
	at org.testng.TestRunner.run(TestRunner.java:594)
	at org.testng.SuiteRunner.runTest(SuiteRunner.java:380)
	at org.testng.SuiteRunner.runSequentially(SuiteRunner.java:375)
	at org.testng.SuiteRunner.privateRun(SuiteRunner.java:340)
	at org.testng.SuiteRunner.run(SuiteRunner.java:289)
	at org.testng.SuiteRunnerWorker.runSuite(SuiteRunnerWorker.java:52)
	at org.testng.SuiteRunnerWorker.run(SuiteRunnerWorker.java:86)
	at org.testng.TestNG.runSuitesSequentially(TestNG.java:1301)
	at org.testng.TestNG.runSuitesLocally(TestNG.java:1226)
	at org.testng.TestNG.runSuites(TestNG.java:1144)
	at org.testng.TestNG.run(TestNG.java:1115)
	at org.testng.remote.AbstractRemoteTestNG.run(AbstractRemoteTestNG.java:132)
	at org.testng.remote.RemoteTestNG.initAndRun(RemoteTestNG.java:230)
	at org.testng.remote.RemoteTestNG.main(RemoteTestNG.java:76)
]]>
    </error>
  </testcase> <!-- Launch_Browser -->
  <testcase name="profile" time="0.000" classname="regression_testing.sample">
    <skipped/>
  </testcase> <!-- profile -->
</testsuite> <!-- regression_testing.sample -->
