<?xml version="1.0" encoding="UTF-8"?>
<!-- Generated by org.testng.reporters.JUnitReportReporter -->
<testsuite skipped="1" hostname="JC-THINKPAD" name="regression_testing.TP_002" tests="2" failures="0" timestamp="15 Sep 2020 19:18:05 GMT" time="3.952" errors="1">
  <testcase name="valid_login" time="0.000" classname="regression_testing.TP_002">
    <skipped/>
  </testcase> <!-- valid_login -->
  <testcase name="Launch_Browser" time="3.952" classname="regression_testing.TP_002">
    <error type="org.openqa.selenium.SessionNotCreatedException" message="session not created
from disconnected: Unable to receive message from renderer
  (Session info: chrome=85.0.4183.102)
Build info: version: &#039;3.141.59&#039;, revision: &#039;e82be7d358&#039;, time: &#039;2018-11-14T08:17:03&#039;
System info: host: &#039;JC-THINKPAD&#039;, ip: &#039;192.168.0.19&#039;, os.name: &#039;Windows 10&#039;, os.arch: &#039;amd64&#039;, os.version: &#039;10.0&#039;, java.version: &#039;1.8.0_161&#039;
Driver info: driver.version: ChromeDriver
remote stacktrace: Backtrace:
	Ordinal0 [0x0045D383+3134339]
	Ordinal0 [0x0034A171+2007409]
	Ordinal0 [0x001EAEE8+569064]
	Ordinal0 [0x001DF1E5+520677]
	Ordinal0 [0x001DE542+517442]
	Ordinal0 [0x001DE935+518453]
	Ordinal0 [0x001DE265+516709]
	Ordinal0 [0x001E7551+554321]
	Ordinal0 [0x001DE214+516628]
	Ordinal0 [0x001DEF25+519973]
	Ordinal0 [0x001DE542+517442]
	Ordinal0 [0x001DE935+518453]
	Ordinal0 [0x001DE265+516709]
	Ordinal0 [0x001E58DE+547038]
	Ordinal0 [0x001DE214+516628]
	Ordinal0 [0x001DEF25+519973]
	Ordinal0 [0x001DE542+517442]
	Ordinal0 [0x001DE935+518453]
	Ordinal0 [0x001DE265+516709]
	Ordinal0 [0x001E3BF6+539638]
	Ordinal0 [0x001DE214+516628]
	Ordinal0 [0x001DEF25+519973]
	Ordinal0 [0x001DE542+517442]
	Ordinal0 [0x001DE935+518453]
	Ordinal0 [0x001DE265+516709]
	Ordinal0 [0x001E2F37+536375]
	Ordinal0 [0x001DE214+516628]
	Ordinal0 [0x001DEF25+519973]
	Ordinal0 [0x001DE542+517442]
	Ordinal0 [0x001DE935+518453]
	Ordinal0 [0x001DE265+516709]
	Ordinal0 [0x001DAB7C+502652]
	Ordinal0 [0x001DE214+516628]
	Ordinal0 [0x001DDF81+515969]
	Ordinal0 [0x001EBF70+573296]
	Ordinal0 [0x00191916+203030]
	Ordinal0 [0x00190C1D+199709]
	Ordinal0 [0x0018EB0B+191243]
	Ordinal0 [0x00172E77+77431]
	Ordinal0 [0x00173E3E+81470]
	Ordinal0 [0x00173DC9+81353]
	Ordinal0 [0x00360CD9+2100441]
	GetHandleVerifier [0x005CB75A+1396954]
	GetHandleVerifier [0x005CB3D9+1396057]
	GetHandleVerifier [0x005D7126+1444518]
	GetHandleVerifier [0x005CBCE8+1398376]
	Ordinal0 [0x00357F51+2064209]
	Ordinal0 [0x003622EB+2106091]
	Ordinal0 [0x00362411+2106385]
	Ordinal0 [0x003749C4+2181572]
	BaseThreadInitThunk [0x750B6359+25]
	RtlGetAppContainerNamedObjectPath [0x77387C24+228]
	RtlGetAppContainerNamedObjectPath [0x77387BF4+180]
">
      <![CDATA[org.openqa.selenium.SessionNotCreatedException: session not created
from disconnected: Unable to receive message from renderer
  (Session info: chrome=85.0.4183.102)
Build info: version: '3.141.59', revision: 'e82be7d358', time: '2018-11-14T08:17:03'
System info: host: 'JC-THINKPAD', ip: '192.168.0.19', os.name: 'Windows 10', os.arch: 'amd64', os.version: '10.0', java.version: '1.8.0_161'
Driver info: driver.version: ChromeDriver
remote stacktrace: Backtrace:
	Ordinal0 [0x0045D383+3134339]
	Ordinal0 [0x0034A171+2007409]
	Ordinal0 [0x001EAEE8+569064]
	Ordinal0 [0x001DF1E5+520677]
	Ordinal0 [0x001DE542+517442]
	Ordinal0 [0x001DE935+518453]
	Ordinal0 [0x001DE265+516709]
	Ordinal0 [0x001E7551+554321]
	Ordinal0 [0x001DE214+516628]
	Ordinal0 [0x001DEF25+519973]
	Ordinal0 [0x001DE542+517442]
	Ordinal0 [0x001DE935+518453]
	Ordinal0 [0x001DE265+516709]
	Ordinal0 [0x001E58DE+547038]
	Ordinal0 [0x001DE214+516628]
	Ordinal0 [0x001DEF25+519973]
	Ordinal0 [0x001DE542+517442]
	Ordinal0 [0x001DE935+518453]
	Ordinal0 [0x001DE265+516709]
	Ordinal0 [0x001E3BF6+539638]
	Ordinal0 [0x001DE214+516628]
	Ordinal0 [0x001DEF25+519973]
	Ordinal0 [0x001DE542+517442]
	Ordinal0 [0x001DE935+518453]
	Ordinal0 [0x001DE265+516709]
	Ordinal0 [0x001E2F37+536375]
	Ordinal0 [0x001DE214+516628]
	Ordinal0 [0x001DEF25+519973]
	Ordinal0 [0x001DE542+517442]
	Ordinal0 [0x001DE935+518453]
	Ordinal0 [0x001DE265+516709]
	Ordinal0 [0x001DAB7C+502652]
	Ordinal0 [0x001DE214+516628]
	Ordinal0 [0x001DDF81+515969]
	Ordinal0 [0x001EBF70+573296]
	Ordinal0 [0x00191916+203030]
	Ordinal0 [0x00190C1D+199709]
	Ordinal0 [0x0018EB0B+191243]
	Ordinal0 [0x00172E77+77431]
	Ordinal0 [0x00173E3E+81470]
	Ordinal0 [0x00173DC9+81353]
	Ordinal0 [0x00360CD9+2100441]
	GetHandleVerifier [0x005CB75A+1396954]
	GetHandleVerifier [0x005CB3D9+1396057]
	GetHandleVerifier [0x005D7126+1444518]
	GetHandleVerifier [0x005CBCE8+1398376]
	Ordinal0 [0x00357F51+2064209]
	Ordinal0 [0x003622EB+2106091]
	Ordinal0 [0x00362411+2106385]
	Ordinal0 [0x003749C4+2181572]
	BaseThreadInitThunk [0x750B6359+25]
	RtlGetAppContainerNamedObjectPath [0x77387C24+228]
	RtlGetAppContainerNamedObjectPath [0x77387BF4+180]

	at sun.reflect.NativeConstructorAccessorImpl.newInstance0(Native Method)
	at sun.reflect.NativeConstructorAccessorImpl.newInstance(Unknown Source)
	at sun.reflect.DelegatingConstructorAccessorImpl.newInstance(Unknown Source)
	at java.lang.reflect.Constructor.newInstance(Unknown Source)
	at org.openqa.selenium.remote.W3CHandshakeResponse.lambda$errorHandler$0(W3CHandshakeResponse.java:62)
	at org.openqa.selenium.remote.HandshakeResponse.lambda$getResponseFunction$0(HandshakeResponse.java:30)
	at org.openqa.selenium.remote.ProtocolHandshake.lambda$createSession$0(ProtocolHandshake.java:126)
	at java.util.stream.ReferencePipeline$3$1.accept(Unknown Source)
	at java.util.Spliterators$ArraySpliterator.tryAdvance(Unknown Source)
	at java.util.stream.ReferencePipeline.forEachWithCancel(Unknown Source)
	at java.util.stream.AbstractPipeline.copyIntoWithCancel(Unknown Source)
	at java.util.stream.AbstractPipeline.copyInto(Unknown Source)
	at java.util.stream.AbstractPipeline.wrapAndCopyInto(Unknown Source)
	at java.util.stream.FindOps$FindOp.evaluateSequential(Unknown Source)
	at java.util.stream.AbstractPipeline.evaluate(Unknown Source)
	at java.util.stream.ReferencePipeline.findFirst(Unknown Source)
	at org.openqa.selenium.remote.ProtocolHandshake.createSession(ProtocolHandshake.java:128)
	at org.openqa.selenium.remote.ProtocolHandshake.createSession(ProtocolHandshake.java:74)
	at org.openqa.selenium.remote.HttpCommandExecutor.execute(HttpCommandExecutor.java:136)
	at org.openqa.selenium.remote.service.DriverCommandExecutor.execute(DriverCommandExecutor.java:83)
	at org.openqa.selenium.remote.RemoteWebDriver.execute(RemoteWebDriver.java:552)
	at org.openqa.selenium.remote.RemoteWebDriver.startSession(RemoteWebDriver.java:213)
	at org.openqa.selenium.remote.RemoteWebDriver.<init>(RemoteWebDriver.java:131)
	at org.openqa.selenium.chrome.ChromeDriver.<init>(ChromeDriver.java:181)
	at org.openqa.selenium.chrome.ChromeDriver.<init>(ChromeDriver.java:168)
	at org.openqa.selenium.chrome.ChromeDriver.<init>(ChromeDriver.java:123)
	at regression_testing.TP_002.Launch_Browser(TP_002.java:27)
	at sun.reflect.NativeMethodAccessorImpl.invoke0(Native Method)
	at sun.reflect.NativeMethodAccessorImpl.invoke(Unknown Source)
	at sun.reflect.DelegatingMethodAccessorImpl.invoke(Unknown Source)
	at java.lang.reflect.Method.invoke(Unknown Source)
	at org.testng.internal.MethodInvocationHelper.invokeMethod(MethodInvocationHelper.java:108)
	at org.testng.internal.Invoker.invokeConfigurationMethod(Invoker.java:523)
	at org.testng.internal.Invoker.invokeConfigurations(Invoker.java:224)
	at org.testng.internal.Invoker.invokeConfigurations(Invoker.java:146)
	at org.testng.TestRunner.beforeRun(TestRunner.java:626)
	at org.testng.TestRunner.run(TestRunner.java:594)
	at org.testng.SuiteRunner.runTest(SuiteRunner.java:380)
	at org.testng.SuiteRunner.runSequentially(SuiteRunner.java:375)
	at org.testng.SuiteRunner.privateRun(SuiteRunner.java:340)
	at org.testng.SuiteRunner.run(SuiteRunner.java:289)
	at org.testng.SuiteRunnerWorker.runSuite(SuiteRunnerWorker.java:52)
	at org.testng.SuiteRunnerWorker.run(SuiteRunnerWorker.java:86)
	at org.testng.TestNG.runSuitesSequentially(TestNG.java:1301)
	at org.testng.TestNG.runSuitesLocally(TestNG.java:1226)
	at org.testng.TestNG.runSuites(TestNG.java:1144)
	at org.testng.TestNG.run(TestNG.java:1115)
	at org.testng.remote.AbstractRemoteTestNG.run(AbstractRemoteTestNG.java:132)
	at org.testng.remote.RemoteTestNG.initAndRun(RemoteTestNG.java:230)
	at org.testng.remote.RemoteTestNG.main(RemoteTestNG.java:76)
]]>
    </error>
  </testcase> <!-- Launch_Browser -->
</testsuite> <!-- regression_testing.TP_002 -->
